<?xml version="1.0" encoding="UTF-8" standalone="no"?>
<!DOCTYPE log SYSTEM "logger.dtd">
<log>
<record>
  <date>2019-06-12T13:12:16</date>
  <millis>1560325336909</millis>
  <sequence>0</sequence>
  <level>START</level>
  <class>com.kms.katalon.core.logging.XmlKeywordLogger</class>
  <method>startSuite</method>
  <thread>1</thread>
  <message>Start Test Suite : Test Suites/Lemoney/Invoices</message>
  <nestedLevel>0</nestedLevel>
  <property name="name">Invoices</property>
  <property name="description"></property>
  <property name="id">Test Suites/Lemoney/Invoices</property>
</record>
<record>
  <date>2019-06-12T13:12:16</date>
  <millis>1560325336938</millis>
  <sequence>1</sequence>
  <level>RUN_DATA</level>
  <class>com.kms.katalon.core.logging.XmlKeywordLogger</class>
  <method>logMessage</method>
  <thread>1</thread>
  <message>hostName = nivedita - 192.168.0.12</message>
  <nestedLevel>0</nestedLevel>
  <property name="hostName">nivedita - 192.168.0.12</property>
</record>
<record>
  <date>2019-06-12T13:12:16</date>
  <millis>1560325336939</millis>
  <sequence>2</sequence>
  <level>RUN_DATA</level>
  <class>com.kms.katalon.core.logging.XmlKeywordLogger</class>
  <method>logMessage</method>
  <thread>1</thread>
  <message>os = Mac OS X 64bit</message>
  <nestedLevel>0</nestedLevel>
  <property name="os">Mac OS X 64bit</property>
</record>
<record>
  <date>2019-06-12T13:12:16</date>
  <millis>1560325336941</millis>
  <sequence>3</sequence>
  <level>RUN_DATA</level>
  <class>com.kms.katalon.core.logging.XmlKeywordLogger</class>
  <method>logMessage</method>
  <thread>1</thread>
  <message>hostAddress = 192.168.0.12</message>
  <nestedLevel>0</nestedLevel>
  <property name="hostAddress">192.168.0.12</property>
</record>
<record>
  <date>2019-06-12T13:12:16</date>
  <millis>1560325336950</millis>
  <sequence>4</sequence>
  <level>RUN_DATA</level>
  <class>com.kms.katalon.core.logging.XmlKeywordLogger</class>
  <method>logMessage</method>
  <thread>1</thread>
  <message>katalonVersion = 5.10.1.1</message>
  <nestedLevel>0</nestedLevel>
  <property name="katalonVersion">5.10.1.1</property>
</record>
<record>
  <date>2019-06-12T13:12:17</date>
  <millis>1560325337383</millis>
  <sequence>5</sequence>
  <level>START</level>
  <class>com.kms.katalon.core.logging.XmlKeywordLogger</class>
  <method>startKeyword</method>
  <thread>1</thread>
  <message>Start listener action : sampleBeforeTestSuite</message>
  <nestedLevel>0</nestedLevel>
</record>
<record>
  <date>2019-06-12T13:12:17</date>
  <millis>1560325337421</millis>
  <sequence>7</sequence>
  <level>START</level>
  <class>com.kms.katalon.core.logging.XmlKeywordLogger</class>
  <method>startKeyword</method>
  <thread>1</thread>
  <message>Start action : println(testSuiteContext.getTestSuiteId())</message>
  <nestedLevel>1</nestedLevel>
  <property name="startLine">53</property>
  <property name="stepIndex">1</property>
</record>
<record>
  <date>2019-06-12T13:12:17</date>
  <millis>1560325337434</millis>
  <sequence>9</sequence>
  <level>END</level>
  <class>com.kms.katalon.core.logging.XmlKeywordLogger</class>
  <method>endKeyword</method>
  <thread>1</thread>
  <message>End action : println(testSuiteContext.getTestSuiteId())</message>
  <nestedLevel>1</nestedLevel>
</record>
<record>
  <date>2019-06-12T13:12:17</date>
  <millis>1560325337434</millis>
  <sequence>10</sequence>
  <level>END</level>
  <class>com.kms.katalon.core.logging.XmlKeywordLogger</class>
  <method>endKeyword</method>
  <thread>1</thread>
  <message>End listener action : sampleBeforeTestSuite</message>
  <nestedLevel>0</nestedLevel>
</record>
<record>
  <date>2019-06-12T13:12:17</date>
  <millis>1560325337570</millis>
  <sequence>11</sequence>
  <level>START</level>
  <class>com.kms.katalon.core.logging.XmlKeywordLogger</class>
  <method>startTest</method>
  <thread>1</thread>
  <message>Start Test Case : Test Cases/Lemoney/Setup and TearDown/Setup</message>
  <nestedLevel>1</nestedLevel>
  <property name="name">Test Cases/Lemoney/Setup and TearDown/Setup</property>
  <property name="description"></property>
  <property name="id">Test Cases/Lemoney/Setup and TearDown/Setup</property>
  <property name="source">\\Users\\nivedita\\git\\KatalonFirstUIProject\\Test Cases\\Lemoney\\Setup and TearDown\\Setup.tc</property>
  <property name="isOptional">false</property>
</record>
<record>
  <date>2019-06-12T13:12:17</date>
  <millis>1560325337613</millis>
  <sequence>13</sequence>
  <level>START</level>
  <class>com.kms.katalon.core.logging.XmlKeywordLogger</class>
  <method>startKeyword</method>
  <thread>1</thread>
  <message>Start listener action : sampleBeforeTestCase</message>
  <nestedLevel>1</nestedLevel>
</record>
<record>
  <date>2019-06-12T13:12:17</date>
  <millis>1560325337615</millis>
  <sequence>15</sequence>
  <level>START</level>
  <class>com.kms.katalon.core.logging.XmlKeywordLogger</class>
  <method>startKeyword</method>
  <thread>1</thread>
  <message>Start action : println(testCaseContext.getTestCaseId())</message>
  <nestedLevel>1</nestedLevel>
  <property name="startLine">32</property>
  <property name="stepIndex">1</property>
</record>
<record>
  <date>2019-06-12T13:12:17</date>
  <millis>1560325337625</millis>
  <sequence>16</sequence>
  <level>END</level>
  <class>com.kms.katalon.core.logging.XmlKeywordLogger</class>
  <method>endKeyword</method>
  <thread>1</thread>
  <message>End action : println(testCaseContext.getTestCaseId())</message>
  <nestedLevel>1</nestedLevel>
</record>
<record>
  <date>2019-06-12T13:12:17</date>
  <millis>1560325337625</millis>
  <sequence>17</sequence>
  <level>START</level>
  <class>com.kms.katalon.core.logging.XmlKeywordLogger</class>
  <method>startKeyword</method>
  <thread>1</thread>
  <message>Start action : println(testCaseContext.getTestCaseVariables())</message>
  <nestedLevel>1</nestedLevel>
  <property name="startLine">33</property>
  <property name="stepIndex">2</property>
</record>
<record>
  <date>2019-06-12T13:12:17</date>
  <millis>1560325337627</millis>
  <sequence>18</sequence>
  <level>END</level>
  <class>com.kms.katalon.core.logging.XmlKeywordLogger</class>
  <method>endKeyword</method>
  <thread>1</thread>
  <message>End action : println(testCaseContext.getTestCaseVariables())</message>
  <nestedLevel>1</nestedLevel>
</record>
<record>
  <date>2019-06-12T13:12:17</date>
  <millis>1560325337628</millis>
  <sequence>19</sequence>
  <level>START</level>
  <class>com.kms.katalon.core.logging.XmlKeywordLogger</class>
  <method>startKeyword</method>
  <thread>1</thread>
  <message>Start action : println(\&amp;quot; This is before test\&amp;quot;)</message>
  <nestedLevel>1</nestedLevel>
  <property name="startLine">34</property>
  <property name="stepIndex">3</property>
</record>
<record>
  <date>2019-06-12T13:12:17</date>
  <millis>1560325337629</millis>
  <sequence>21</sequence>
  <level>END</level>
  <class>com.kms.katalon.core.logging.XmlKeywordLogger</class>
  <method>endKeyword</method>
  <thread>1</thread>
  <message>End action : println(\&amp;quot; This is before test\&amp;quot;)</message>
  <nestedLevel>1</nestedLevel>
</record>
<record>
  <date>2019-06-12T13:12:17</date>
  <millis>1560325337630</millis>
  <sequence>22</sequence>
  <level>END</level>
  <class>com.kms.katalon.core.logging.XmlKeywordLogger</class>
  <method>endKeyword</method>
  <thread>1</thread>
  <message>End listener action : sampleBeforeTestCase</message>
  <nestedLevel>1</nestedLevel>
</record>
<record>
  <date>2019-06-12T13:12:17</date>
  <millis>1560325337632</millis>
  <sequence>24</sequence>
  <level>START</level>
  <class>com.kms.katalon.core.logging.XmlKeywordLogger</class>
  <method>startKeyword</method>
  <thread>1</thread>
  <message>Start setup action : setUp</message>
  <nestedLevel>1</nestedLevel>
  <property name="stepIndex">1</property>
</record>
<record>
  <date>2019-06-12T13:12:17</date>
  <millis>1560325337900</millis>
  <sequence>25</sequence>
  <level>START</level>
  <class>com.kms.katalon.core.logging.XmlKeywordLogger</class>
  <method>startKeyword</method>
  <thread>1</thread>
  <message>Start action : openBrowser(\&amp;quot;\&amp;quot;)</message>
  <nestedLevel>1</nestedLevel>
  <property name="startLine">24</property>
  <property name="stepIndex">1</property>
</record>
<record>
  <date>2019-06-12T13:12:18</date>
  <millis>1560325338833</millis>
  <sequence>27</sequence>
  <level>INFO</level>
  <class>com.kms.katalon.core.logging.XmlKeywordLogger</class>
  <method>logMessage</method>
  <thread>1</thread>
  <message>Starting &amp;apos;Chrome&amp;apos; driver</message>
  <nestedLevel>1</nestedLevel>
</record>
<record>
  <date>2019-06-12T13:12:18</date>
  <millis>1560325338881</millis>
  <sequence>28</sequence>
  <level>INFO</level>
  <class>com.kms.katalon.core.logging.XmlKeywordLogger</class>
  <method>logMessage</method>
  <thread>1</thread>
  <message>Action delay is set to 0 seconds</message>
  <nestedLevel>1</nestedLevel>
</record>
<record>
  <date>2019-06-12T13:12:22</date>
  <millis>1560325342428</millis>
  <sequence>30</sequence>
  <level>RUN_DATA</level>
  <class>com.kms.katalon.core.logging.XmlKeywordLogger</class>
  <method>logMessage</method>
  <thread>1</thread>
  <message>sessionId = 6054e773e328dd16b490f9dd8821355c</message>
  <nestedLevel>1</nestedLevel>
  <property name="sessionId">6054e773e328dd16b490f9dd8821355c</property>
</record>
<record>
  <date>2019-06-12T13:12:22</date>
  <millis>1560325342467</millis>
  <sequence>31</sequence>
  <level>RUN_DATA</level>
  <class>com.kms.katalon.core.logging.XmlKeywordLogger</class>
  <method>logMessage</method>
  <thread>1</thread>
  <message>browser = Chrome 74.0.3729.169</message>
  <nestedLevel>1</nestedLevel>
  <property name="browser">Chrome 74.0.3729.169</property>
</record>
<record>
  <date>2019-06-12T13:12:22</date>
  <millis>1560325342470</millis>
  <sequence>32</sequence>
  <level>RUN_DATA</level>
  <class>com.kms.katalon.core.logging.XmlKeywordLogger</class>
  <method>logMessage</method>
  <thread>1</thread>
  <message>platform = Mac OS X</message>
  <nestedLevel>1</nestedLevel>
  <property name="platform">Mac OS X</property>
</record>
<record>
  <date>2019-06-12T13:12:22</date>
  <millis>1560325342476</millis>
  <sequence>33</sequence>
  <level>RUN_DATA</level>
  <class>com.kms.katalon.core.logging.XmlKeywordLogger</class>
  <method>logMessage</method>
  <thread>1</thread>
  <message>seleniumVersion = 3.7.1</message>
  <nestedLevel>1</nestedLevel>
  <property name="seleniumVersion">3.7.1</property>
</record>
<record>
  <date>2019-06-12T13:12:22</date>
  <millis>1560325342479</millis>
  <sequence>34</sequence>
  <level>RUN_DATA</level>
  <class>com.kms.katalon.core.logging.XmlKeywordLogger</class>
  <method>logMessage</method>
  <thread>1</thread>
  <message>proxyInformation = ProxyInformation{proxyOption=NO_PROXY, proxyServerType=HTTP, password=, proxyServerAddress=, proxyServerPort=0}</message>
  <nestedLevel>1</nestedLevel>
  <property name="proxyInformation">ProxyInformation{proxyOption=NO_PROXY, proxyServerType=HTTP, password=, proxyServerAddress=, proxyServerPort=0}</property>
</record>
<record>
  <date>2019-06-12T13:12:22</date>
  <millis>1560325342480</millis>
  <sequence>35</sequence>
  <level>PASSED</level>
  <class>com.kms.katalon.core.logging.XmlKeywordLogger</class>
  <method>logMessage</method>
  <thread>1</thread>
  <message>Browser is opened with url: &amp;apos;&amp;apos;</message>
  <nestedLevel>1</nestedLevel>
</record>
<record>
  <date>2019-06-12T13:12:22</date>
  <millis>1560325342481</millis>
  <sequence>36</sequence>
  <level>END</level>
  <class>com.kms.katalon.core.logging.XmlKeywordLogger</class>
  <method>endKeyword</method>
  <thread>1</thread>
  <message>End action : openBrowser(\&amp;quot;\&amp;quot;)</message>
  <nestedLevel>1</nestedLevel>
</record>
<record>
  <date>2019-06-12T13:12:22</date>
  <millis>1560325342481</millis>
  <sequence>37</sequence>
  <level>START</level>
  <class>com.kms.katalon.core.logging.XmlKeywordLogger</class>
  <method>startKeyword</method>
  <thread>1</thread>
  <message>Start action : navigateToUrl(\&amp;quot;https://lmpro.netlify.com/\&amp;quot;)</message>
  <nestedLevel>1</nestedLevel>
  <property name="startLine">26</property>
  <property name="stepIndex">2</property>
</record>
<record>
  <date>2019-06-12T13:12:24</date>
  <millis>1560325344494</millis>
  <sequence>40</sequence>
  <level>PASSED</level>
  <class>com.kms.katalon.core.logging.XmlKeywordLogger</class>
  <method>logMessage</method>
  <thread>1</thread>
  <message>Navigate to &amp;apos;https://lmpro.netlify.com/&amp;apos; successfully</message>
  <nestedLevel>1</nestedLevel>
</record>
<record>
  <date>2019-06-12T13:12:24</date>
  <millis>1560325344495</millis>
  <sequence>41</sequence>
  <level>END</level>
  <class>com.kms.katalon.core.logging.XmlKeywordLogger</class>
  <method>endKeyword</method>
  <thread>1</thread>
  <message>End action : navigateToUrl(\&amp;quot;https://lmpro.netlify.com/\&amp;quot;)</message>
  <nestedLevel>1</nestedLevel>
</record>
<record>
  <date>2019-06-12T13:12:24</date>
  <millis>1560325344497</millis>
  <sequence>42</sequence>
  <level>START</level>
  <class>com.kms.katalon.core.logging.XmlKeywordLogger</class>
  <method>startKeyword</method>
  <thread>1</thread>
  <message>Start action : verifyElementPresent(findTestObject(\&amp;quot;Lemoney/Setup/Login/img_Lemoney_logo\&amp;quot;), 10)</message>
  <nestedLevel>1</nestedLevel>
  <property name="startLine">28</property>
  <property name="stepIndex">3</property>
</record>
<record>
  <date>2019-06-12T13:12:24</date>
  <millis>1560325344635</millis>
  <sequence>48</sequence>
  <level>PASSED</level>
  <class>com.kms.katalon.core.logging.XmlKeywordLogger</class>
  <method>logMessage</method>
  <thread>1</thread>
  <message>Object &amp;apos;Object Repository/Lemoney/Setup/Login/img_Lemoney_logo&amp;apos; is present</message>
  <nestedLevel>1</nestedLevel>
</record>
<record>
  <date>2019-06-12T13:12:24</date>
  <millis>1560325344637</millis>
  <sequence>49</sequence>
  <level>END</level>
  <class>com.kms.katalon.core.logging.XmlKeywordLogger</class>
  <method>endKeyword</method>
  <thread>1</thread>
  <message>End action : verifyElementPresent(findTestObject(\&amp;quot;Lemoney/Setup/Login/img_Lemoney_logo\&amp;quot;), 10)</message>
  <nestedLevel>1</nestedLevel>
</record>
<record>
  <date>2019-06-12T13:12:24</date>
  <millis>1560325344637</millis>
  <sequence>50</sequence>
  <level>START</level>
  <class>com.kms.katalon.core.logging.XmlKeywordLogger</class>
  <method>startKeyword</method>
  <thread>1</thread>
  <message>Start action : verifyElementPresent(findTestObject(\&amp;quot;Lemoney/Setup/Login/Title_Lemoney\&amp;quot;), 10)</message>
  <nestedLevel>1</nestedLevel>
  <property name="startLine">30</property>
  <property name="stepIndex">4</property>
</record>
<record>
  <date>2019-06-12T13:12:24</date>
  <millis>1560325344675</millis>
  <sequence>56</sequence>
  <level>PASSED</level>
  <class>com.kms.katalon.core.logging.XmlKeywordLogger</class>
  <method>logMessage</method>
  <thread>1</thread>
  <message>Object &amp;apos;Object Repository/Lemoney/Setup/Login/Title_Lemoney&amp;apos; is present</message>
  <nestedLevel>1</nestedLevel>
</record>
<record>
  <date>2019-06-12T13:12:24</date>
  <millis>1560325344676</millis>
  <sequence>57</sequence>
  <level>END</level>
  <class>com.kms.katalon.core.logging.XmlKeywordLogger</class>
  <method>endKeyword</method>
  <thread>1</thread>
  <message>End action : verifyElementPresent(findTestObject(\&amp;quot;Lemoney/Setup/Login/Title_Lemoney\&amp;quot;), 10)</message>
  <nestedLevel>1</nestedLevel>
</record>
<record>
  <date>2019-06-12T13:12:24</date>
  <millis>1560325344676</millis>
  <sequence>58</sequence>
  <level>START</level>
  <class>com.kms.katalon.core.logging.XmlKeywordLogger</class>
  <method>startKeyword</method>
  <thread>1</thread>
  <message>Start action : verifyElementPresent(findTestObject(\&amp;quot;Lemoney/Setup/Login/Title_Making Banking Useful\&amp;quot;), 10)</message>
  <nestedLevel>1</nestedLevel>
  <property name="startLine">32</property>
  <property name="stepIndex">5</property>
</record>
<record>
  <date>2019-06-12T13:12:24</date>
  <millis>1560325344710</millis>
  <sequence>64</sequence>
  <level>PASSED</level>
  <class>com.kms.katalon.core.logging.XmlKeywordLogger</class>
  <method>logMessage</method>
  <thread>1</thread>
  <message>Object &amp;apos;Object Repository/Lemoney/Setup/Login/Title_Making Banking Useful&amp;apos; is present</message>
  <nestedLevel>1</nestedLevel>
</record>
<record>
  <date>2019-06-12T13:12:24</date>
  <millis>1560325344710</millis>
  <sequence>65</sequence>
  <level>END</level>
  <class>com.kms.katalon.core.logging.XmlKeywordLogger</class>
  <method>endKeyword</method>
  <thread>1</thread>
  <message>End action : verifyElementPresent(findTestObject(\&amp;quot;Lemoney/Setup/Login/Title_Making Banking Useful\&amp;quot;), 10)</message>
  <nestedLevel>1</nestedLevel>
</record>
<record>
  <date>2019-06-12T13:12:24</date>
  <millis>1560325344711</millis>
  <sequence>66</sequence>
  <level>START</level>
  <class>com.kms.katalon.core.logging.XmlKeywordLogger</class>
  <method>startKeyword</method>
  <thread>1</thread>
  <message>Start action : verifyElementPresent(findTestObject(\&amp;quot;Lemoney/Setup/Login/div_Enter Username  Password\&amp;quot;), 10)</message>
  <nestedLevel>1</nestedLevel>
  <property name="startLine">34</property>
  <property name="stepIndex">6</property>
</record>
<record>
  <date>2019-06-12T13:12:24</date>
  <millis>1560325344748</millis>
  <sequence>72</sequence>
  <level>PASSED</level>
  <class>com.kms.katalon.core.logging.XmlKeywordLogger</class>
  <method>logMessage</method>
  <thread>1</thread>
  <message>Object &amp;apos;Object Repository/Lemoney/Setup/Login/div_Enter Username  Password&amp;apos; is present</message>
  <nestedLevel>1</nestedLevel>
</record>
<record>
  <date>2019-06-12T13:12:24</date>
  <millis>1560325344749</millis>
  <sequence>73</sequence>
  <level>END</level>
  <class>com.kms.katalon.core.logging.XmlKeywordLogger</class>
  <method>endKeyword</method>
  <thread>1</thread>
  <message>End action : verifyElementPresent(findTestObject(\&amp;quot;Lemoney/Setup/Login/div_Enter Username  Password\&amp;quot;), 10)</message>
  <nestedLevel>1</nestedLevel>
</record>
<record>
  <date>2019-06-12T13:12:24</date>
  <millis>1560325344749</millis>
  <sequence>74</sequence>
  <level>START</level>
  <class>com.kms.katalon.core.logging.XmlKeywordLogger</class>
  <method>startKeyword</method>
  <thread>1</thread>
  <message>Start action : setText(findTestObject(\&amp;quot;Lemoney/Setup/Login/input_EnterUserName\&amp;quot;), \&amp;quot;owner@lemoney.com\&amp;quot;)</message>
  <nestedLevel>1</nestedLevel>
  <property name="startLine">36</property>
  <property name="stepIndex">7</property>
</record>
<record>
  <date>2019-06-12T13:12:25</date>
  <millis>1560325345268</millis>
  <sequence>86</sequence>
  <level>PASSED</level>
  <class>com.kms.katalon.core.logging.XmlKeywordLogger</class>
  <method>logMessage</method>
  <thread>1</thread>
  <message>Text &amp;apos;owner@lemoney.com&amp;apos; is set on object &amp;apos;Object Repository/Lemoney/Setup/Login/input_EnterUserName&amp;apos;</message>
  <nestedLevel>1</nestedLevel>
</record>
<record>
  <date>2019-06-12T13:12:25</date>
  <millis>1560325345269</millis>
  <sequence>87</sequence>
  <level>END</level>
  <class>com.kms.katalon.core.logging.XmlKeywordLogger</class>
  <method>endKeyword</method>
  <thread>1</thread>
  <message>End action : setText(findTestObject(\&amp;quot;Lemoney/Setup/Login/input_EnterUserName\&amp;quot;), \&amp;quot;owner@lemoney.com\&amp;quot;)</message>
  <nestedLevel>1</nestedLevel>
</record>
<record>
  <date>2019-06-12T13:12:25</date>
  <millis>1560325345270</millis>
  <sequence>88</sequence>
  <level>START</level>
  <class>com.kms.katalon.core.logging.XmlKeywordLogger</class>
  <method>startKeyword</method>
  <thread>1</thread>
  <message>Start action : setText(findTestObject(\&amp;quot;Lemoney/Setup/Login/input_EnterPassword\&amp;quot;), \&amp;quot;123456\&amp;quot;)</message>
  <nestedLevel>1</nestedLevel>
  <property name="startLine">38</property>
  <property name="stepIndex">8</property>
</record>
<record>
  <date>2019-06-12T13:12:25</date>
  <millis>1560325345435</millis>
  <sequence>100</sequence>
  <level>PASSED</level>
  <class>com.kms.katalon.core.logging.XmlKeywordLogger</class>
  <method>logMessage</method>
  <thread>1</thread>
  <message>Text &amp;apos;123456&amp;apos; is set on object &amp;apos;Object Repository/Lemoney/Setup/Login/input_EnterPassword&amp;apos;</message>
  <nestedLevel>1</nestedLevel>
</record>
<record>
  <date>2019-06-12T13:12:25</date>
  <millis>1560325345435</millis>
  <sequence>101</sequence>
  <level>END</level>
  <class>com.kms.katalon.core.logging.XmlKeywordLogger</class>
  <method>endKeyword</method>
  <thread>1</thread>
  <message>End action : setText(findTestObject(\&amp;quot;Lemoney/Setup/Login/input_EnterPassword\&amp;quot;), \&amp;quot;123456\&amp;quot;)</message>
  <nestedLevel>1</nestedLevel>
</record>
<record>
  <date>2019-06-12T13:12:25</date>
  <millis>1560325345436</millis>
  <sequence>102</sequence>
  <level>START</level>
  <class>com.kms.katalon.core.logging.XmlKeywordLogger</class>
  <method>startKeyword</method>
  <thread>1</thread>
  <message>Start action : click(findTestObject(\&amp;quot;Lemoney/Setup/Login/button_Login\&amp;quot;))</message>
  <nestedLevel>1</nestedLevel>
  <property name="startLine">40</property>
  <property name="stepIndex">9</property>
</record>
<record>
  <date>2019-06-12T13:12:25</date>
  <millis>1560325345877</millis>
  <sequence>109</sequence>
  <level>PASSED</level>
  <class>com.kms.katalon.core.logging.XmlKeywordLogger</class>
  <method>logMessage</method>
  <thread>1</thread>
  <message>Object: &amp;apos;Object Repository/Lemoney/Setup/Login/button_Login&amp;apos; is clicked on</message>
  <nestedLevel>1</nestedLevel>
</record>
<record>
  <date>2019-06-12T13:12:25</date>
  <millis>1560325345878</millis>
  <sequence>110</sequence>
  <level>END</level>
  <class>com.kms.katalon.core.logging.XmlKeywordLogger</class>
  <method>endKeyword</method>
  <thread>1</thread>
  <message>End action : click(findTestObject(\&amp;quot;Lemoney/Setup/Login/button_Login\&amp;quot;))</message>
  <nestedLevel>1</nestedLevel>
</record>
<record>
  <date>2019-06-12T13:12:25</date>
  <millis>1560325345878</millis>
  <sequence>111</sequence>
  <level>PASSED</level>
  <class>com.kms.katalon.core.logging.XmlKeywordLogger</class>
  <method>logMessage</method>
  <thread>1</thread>
  <message>Method &amp;apos;setUp&amp;apos; complete successfully</message>
  <nestedLevel>1</nestedLevel>
</record>
<record>
  <date>2019-06-12T13:12:25</date>
  <millis>1560325345879</millis>
  <sequence>112</sequence>
  <level>END</level>
  <class>com.kms.katalon.core.logging.XmlKeywordLogger</class>
  <method>endKeyword</method>
  <thread>1</thread>
  <message>End setup action : setUp</message>
  <nestedLevel>1</nestedLevel>
</record>
<record>
  <date>2019-06-12T13:12:25</date>
  <millis>1560325345881</millis>
  <sequence>113</sequence>
  <level>START</level>
  <class>com.kms.katalon.core.logging.XmlKeywordLogger</class>
  <method>startKeyword</method>
  <thread>1</thread>
  <message>Start action : waitForElementPresent(findTestObject(\&amp;quot;Lemoney/Setup/Logout/img_profileImage\&amp;quot;), 10)</message>
  <nestedLevel>1</nestedLevel>
  <property name="startLine">44</property>
  <property name="stepIndex">1</property>
</record>
<record>
  <date>2019-06-12T13:12:26</date>
  <millis>1560325346105</millis>
  <sequence>119</sequence>
  <level>PASSED</level>
  <class>com.kms.katalon.core.logging.XmlKeywordLogger</class>
  <method>logMessage</method>
  <thread>1</thread>
  <message>Object &amp;apos;Object Repository/Lemoney/Setup/Logout/img_profileImage&amp;apos; is present</message>
  <nestedLevel>1</nestedLevel>
</record>
<record>
  <date>2019-06-12T13:12:26</date>
  <millis>1560325346106</millis>
  <sequence>120</sequence>
  <level>END</level>
  <class>com.kms.katalon.core.logging.XmlKeywordLogger</class>
  <method>endKeyword</method>
  <thread>1</thread>
  <message>End action : waitForElementPresent(findTestObject(\&amp;quot;Lemoney/Setup/Logout/img_profileImage\&amp;quot;), 10)</message>
  <nestedLevel>1</nestedLevel>
</record>
<record>
  <date>2019-06-12T13:12:26</date>
  <millis>1560325346106</millis>
  <sequence>121</sequence>
  <level>PASSED</level>
  <class>com.kms.katalon.core.logging.XmlKeywordLogger</class>
  <method>logMessage</method>
  <thread>1</thread>
  <message>Test Cases/Lemoney/Setup and TearDown/Setup</message>
  <nestedLevel>1</nestedLevel>
</record>
<record>
  <date>2019-06-12T13:12:26</date>
  <millis>1560325346107</millis>
  <sequence>122</sequence>
  <level>START</level>
  <class>com.kms.katalon.core.logging.XmlKeywordLogger</class>
  <method>startKeyword</method>
  <thread>1</thread>
  <message>Start listener action : sampleAfterTestCase</message>
  <nestedLevel>1</nestedLevel>
</record>
<record>
  <date>2019-06-12T13:12:26</date>
  <millis>1560325346109</millis>
  <sequence>124</sequence>
  <level>START</level>
  <class>com.kms.katalon.core.logging.XmlKeywordLogger</class>
  <method>startKeyword</method>
  <thread>1</thread>
  <message>Start action : println(testCaseContext.getTestCaseId())</message>
  <nestedLevel>1</nestedLevel>
  <property name="startLine">43</property>
  <property name="stepIndex">1</property>
</record>
<record>
  <date>2019-06-12T13:12:26</date>
  <millis>1560325346111</millis>
  <sequence>125</sequence>
  <level>END</level>
  <class>com.kms.katalon.core.logging.XmlKeywordLogger</class>
  <method>endKeyword</method>
  <thread>1</thread>
  <message>End action : println(testCaseContext.getTestCaseId())</message>
  <nestedLevel>1</nestedLevel>
</record>
<record>
  <date>2019-06-12T13:12:26</date>
  <millis>1560325346112</millis>
  <sequence>126</sequence>
  <level>START</level>
  <class>com.kms.katalon.core.logging.XmlKeywordLogger</class>
  <method>startKeyword</method>
  <thread>1</thread>
  <message>Start action : println(testCaseContext.getTestCaseStatus())</message>
  <nestedLevel>1</nestedLevel>
  <property name="startLine">44</property>
  <property name="stepIndex">2</property>
</record>
<record>
  <date>2019-06-12T13:12:26</date>
  <millis>1560325346114</millis>
  <sequence>128</sequence>
  <level>END</level>
  <class>com.kms.katalon.core.logging.XmlKeywordLogger</class>
  <method>endKeyword</method>
  <thread>1</thread>
  <message>End action : println(testCaseContext.getTestCaseStatus())</message>
  <nestedLevel>1</nestedLevel>
</record>
<record>
  <date>2019-06-12T13:12:26</date>
  <millis>1560325346114</millis>
  <sequence>129</sequence>
  <level>END</level>
  <class>com.kms.katalon.core.logging.XmlKeywordLogger</class>
  <method>endKeyword</method>
  <thread>1</thread>
  <message>End listener action : sampleAfterTestCase</message>
  <nestedLevel>1</nestedLevel>
</record>
<record>
  <date>2019-06-12T13:12:26</date>
  <millis>1560325346115</millis>
  <sequence>130</sequence>
  <level>END</level>
  <class>com.kms.katalon.core.logging.XmlKeywordLogger</class>
  <method>endTest</method>
  <thread>1</thread>
  <message>End Test Case : Test Cases/Lemoney/Setup and TearDown/Setup</message>
  <nestedLevel>0</nestedLevel>
</record>
<record>
  <date>2019-06-12T13:12:26</date>
  <millis>1560325346126</millis>
  <sequence>131</sequence>
  <level>START</level>
  <class>com.kms.katalon.core.logging.XmlKeywordLogger</class>
  <method>startTest</method>
  <thread>1</thread>
  <message>Start Test Case : Test Cases/Lemoney/Invoices/Receivables</message>
  <nestedLevel>1</nestedLevel>
  <property name="name">Test Cases/Lemoney/Invoices/Receivables</property>
  <property name="description"></property>
  <property name="id">Test Cases/Lemoney/Invoices/Receivables</property>
  <property name="source">\\Users\\nivedita\\git\\KatalonFirstUIProject\\Test Cases\\Lemoney\\Invoices\\Receivables.tc</property>
  <property name="isOptional">false</property>
</record>
<record>
  <date>2019-06-12T13:12:26</date>
  <millis>1560325346165</millis>
  <sequence>133</sequence>
  <level>START</level>
  <class>com.kms.katalon.core.logging.XmlKeywordLogger</class>
  <method>startKeyword</method>
  <thread>1</thread>
  <message>Start listener action : sampleBeforeTestCase</message>
  <nestedLevel>1</nestedLevel>
</record>
<record>
  <date>2019-06-12T13:12:26</date>
  <millis>1560325346165</millis>
  <sequence>135</sequence>
  <level>START</level>
  <class>com.kms.katalon.core.logging.XmlKeywordLogger</class>
  <method>startKeyword</method>
  <thread>1</thread>
  <message>Start action : println(testCaseContext.getTestCaseId())</message>
  <nestedLevel>1</nestedLevel>
  <property name="startLine">32</property>
  <property name="stepIndex">1</property>
</record>
<record>
  <date>2019-06-12T13:12:26</date>
  <millis>1560325346166</millis>
  <sequence>136</sequence>
  <level>END</level>
  <class>com.kms.katalon.core.logging.XmlKeywordLogger</class>
  <method>endKeyword</method>
  <thread>1</thread>
  <message>End action : println(testCaseContext.getTestCaseId())</message>
  <nestedLevel>1</nestedLevel>
</record>
<record>
  <date>2019-06-12T13:12:26</date>
  <millis>1560325346167</millis>
  <sequence>137</sequence>
  <level>START</level>
  <class>com.kms.katalon.core.logging.XmlKeywordLogger</class>
  <method>startKeyword</method>
  <thread>1</thread>
  <message>Start action : println(testCaseContext.getTestCaseVariables())</message>
  <nestedLevel>1</nestedLevel>
  <property name="startLine">33</property>
  <property name="stepIndex">2</property>
</record>
<record>
  <date>2019-06-12T13:12:26</date>
  <millis>1560325346168</millis>
  <sequence>138</sequence>
  <level>END</level>
  <class>com.kms.katalon.core.logging.XmlKeywordLogger</class>
  <method>endKeyword</method>
  <thread>1</thread>
  <message>End action : println(testCaseContext.getTestCaseVariables())</message>
  <nestedLevel>1</nestedLevel>
</record>
<record>
  <date>2019-06-12T13:12:26</date>
  <millis>1560325346168</millis>
  <sequence>139</sequence>
  <level>START</level>
  <class>com.kms.katalon.core.logging.XmlKeywordLogger</class>
  <method>startKeyword</method>
  <thread>1</thread>
  <message>Start action : println(\&amp;quot; This is before test\&amp;quot;)</message>
  <nestedLevel>1</nestedLevel>
  <property name="startLine">34</property>
  <property name="stepIndex">3</property>
</record>
<record>
  <date>2019-06-12T13:12:26</date>
  <millis>1560325346171</millis>
  <sequence>141</sequence>
  <level>END</level>
  <class>com.kms.katalon.core.logging.XmlKeywordLogger</class>
  <method>endKeyword</method>
  <thread>1</thread>
  <message>End action : println(\&amp;quot; This is before test\&amp;quot;)</message>
  <nestedLevel>1</nestedLevel>
</record>
<record>
  <date>2019-06-12T13:12:26</date>
  <millis>1560325346172</millis>
  <sequence>142</sequence>
  <level>END</level>
  <class>com.kms.katalon.core.logging.XmlKeywordLogger</class>
  <method>endKeyword</method>
  <thread>1</thread>
  <message>End listener action : sampleBeforeTestCase</message>
  <nestedLevel>1</nestedLevel>
</record>
<record>
  <date>2019-06-12T13:12:26</date>
  <millis>1560325346902</millis>
  <sequence>143</sequence>
  <level>START</level>
  <class>com.kms.katalon.core.logging.XmlKeywordLogger</class>
  <method>startKeyword</method>
  <thread>1</thread>
  <message>Start action : getText(findTestObject(\&amp;quot;Object Repository/Lemoney/Invoices/Receivables/tableHeaders_Invoices\&amp;quot;)).equalsIgnoreCase(\&amp;quot;Invoice Date\&amp;quot;)</message>
  <nestedLevel>1</nestedLevel>
  <property name="startLine">28</property>
  <property name="stepIndex">1</property>
</record>
<record>
  <date>2019-06-12T13:12:27</date>
  <millis>1560325347010</millis>
  <sequence>150</sequence>
  <level>PASSED</level>
  <class>com.kms.katalon.core.logging.XmlKeywordLogger</class>
  <method>logMessage</method>
  <thread>1</thread>
  <message>Text of object &amp;apos;Object Repository/Lemoney/Invoices/Receivables/tableHeaders_Invoices&amp;apos; is: &amp;apos;Invoice Date&amp;apos;</message>
  <nestedLevel>1</nestedLevel>
</record>
<record>
  <date>2019-06-12T13:12:27</date>
  <millis>1560325347011</millis>
  <sequence>151</sequence>
  <level>END</level>
  <class>com.kms.katalon.core.logging.XmlKeywordLogger</class>
  <method>endKeyword</method>
  <thread>1</thread>
  <message>End action : getText(findTestObject(\&amp;quot;Object Repository/Lemoney/Invoices/Receivables/tableHeaders_Invoices\&amp;quot;)).equalsIgnoreCase(\&amp;quot;Invoice Date\&amp;quot;)</message>
  <nestedLevel>1</nestedLevel>
</record>
<record>
  <date>2019-06-12T13:12:27</date>
  <millis>1560325347012</millis>
  <sequence>152</sequence>
  <level>START</level>
  <class>com.kms.katalon.core.logging.XmlKeywordLogger</class>
  <method>startKeyword</method>
  <thread>1</thread>
  <message>Start action : getText(findTestObject(\&amp;quot;Object Repository/Lemoney/Invoices/Receivables/tableHeaders_Particulars\&amp;quot;)).equalsIgnoreCase(\&amp;quot;Particulars\&amp;quot;)</message>
  <nestedLevel>1</nestedLevel>
  <property name="startLine">29</property>
  <property name="stepIndex">2</property>
</record>
<record>
  <date>2019-06-12T13:12:27</date>
  <millis>1560325347086</millis>
  <sequence>159</sequence>
  <level>PASSED</level>
  <class>com.kms.katalon.core.logging.XmlKeywordLogger</class>
  <method>logMessage</method>
  <thread>1</thread>
  <message>Text of object &amp;apos;Object Repository/Lemoney/Invoices/Receivables/tableHeaders_Particulars&amp;apos; is: &amp;apos;Due Date&amp;apos;</message>
  <nestedLevel>1</nestedLevel>
</record>
<record>
  <date>2019-06-12T13:12:27</date>
  <millis>1560325347087</millis>
  <sequence>160</sequence>
  <level>END</level>
  <class>com.kms.katalon.core.logging.XmlKeywordLogger</class>
  <method>endKeyword</method>
  <thread>1</thread>
  <message>End action : getText(findTestObject(\&amp;quot;Object Repository/Lemoney/Invoices/Receivables/tableHeaders_Particulars\&amp;quot;)).equalsIgnoreCase(\&amp;quot;Particulars\&amp;quot;)</message>
  <nestedLevel>1</nestedLevel>
</record>
<record>
  <date>2019-06-12T13:12:27</date>
  <millis>1560325347087</millis>
  <sequence>161</sequence>
  <level>START</level>
  <class>com.kms.katalon.core.logging.XmlKeywordLogger</class>
  <method>startKeyword</method>
  <thread>1</thread>
  <message>Start action : getText(findTestObject(\&amp;quot;Object Repository/Lemoney/Invoices/Receivables/tableHeaders_DueDate\&amp;quot;)).equalsIgnoreCase(\&amp;quot;Due Date\&amp;quot;)</message>
  <nestedLevel>1</nestedLevel>
  <property name="startLine">30</property>
  <property name="stepIndex">3</property>
</record>
<record>
  <date>2019-06-12T13:12:27</date>
  <millis>1560325347132</millis>
  <sequence>168</sequence>
  <level>PASSED</level>
  <class>com.kms.katalon.core.logging.XmlKeywordLogger</class>
  <method>logMessage</method>
  <thread>1</thread>
  <message>Text of object &amp;apos;Object Repository/Lemoney/Invoices/Receivables/tableHeaders_DueDate&amp;apos; is: &amp;apos;Invoice Date&amp;apos;</message>
  <nestedLevel>1</nestedLevel>
</record>
<record>
  <date>2019-06-12T13:12:27</date>
  <millis>1560325347133</millis>
  <sequence>169</sequence>
  <level>END</level>
  <class>com.kms.katalon.core.logging.XmlKeywordLogger</class>
  <method>endKeyword</method>
  <thread>1</thread>
  <message>End action : getText(findTestObject(\&amp;quot;Object Repository/Lemoney/Invoices/Receivables/tableHeaders_DueDate\&amp;quot;)).equalsIgnoreCase(\&amp;quot;Due Date\&amp;quot;)</message>
  <nestedLevel>1</nestedLevel>
</record>
<record>
  <date>2019-06-12T13:12:27</date>
  <millis>1560325347133</millis>
  <sequence>170</sequence>
  <level>START</level>
  <class>com.kms.katalon.core.logging.XmlKeywordLogger</class>
  <method>startKeyword</method>
  <thread>1</thread>
  <message>Start action : getText(findTestObject(\&amp;quot;Object Repository/Lemoney/Invoices/Receivables/tableHeaders_Status\&amp;quot;)).equalsIgnoreCase(\&amp;quot;Status\&amp;quot;)</message>
  <nestedLevel>1</nestedLevel>
  <property name="startLine">31</property>
  <property name="stepIndex">4</property>
</record>
<record>
  <date>2019-06-12T13:12:27</date>
  <millis>1560325347181</millis>
  <sequence>177</sequence>
  <level>PASSED</level>
  <class>com.kms.katalon.core.logging.XmlKeywordLogger</class>
  <method>logMessage</method>
  <thread>1</thread>
  <message>Text of object &amp;apos;Object Repository/Lemoney/Invoices/Receivables/tableHeaders_Status&amp;apos; is: &amp;apos;Invoice Date&amp;apos;</message>
  <nestedLevel>1</nestedLevel>
</record>
<record>
  <date>2019-06-12T13:12:27</date>
  <millis>1560325347182</millis>
  <sequence>178</sequence>
  <level>END</level>
  <class>com.kms.katalon.core.logging.XmlKeywordLogger</class>
  <method>endKeyword</method>
  <thread>1</thread>
  <message>End action : getText(findTestObject(\&amp;quot;Object Repository/Lemoney/Invoices/Receivables/tableHeaders_Status\&amp;quot;)).equalsIgnoreCase(\&amp;quot;Status\&amp;quot;)</message>
  <nestedLevel>1</nestedLevel>
</record>
<record>
  <date>2019-06-12T13:12:27</date>
  <millis>1560325347182</millis>
  <sequence>179</sequence>
  <level>START</level>
  <class>com.kms.katalon.core.logging.XmlKeywordLogger</class>
  <method>startKeyword</method>
  <thread>1</thread>
  <message>Start action : getText(findTestObject(\&amp;quot;Object Repository/Lemoney/Invoices/Receivables/tableHeaders_AmountDue\&amp;quot;)).equalsIgnoreCase(\&amp;quot;Amount Due\&amp;quot;)</message>
  <nestedLevel>1</nestedLevel>
  <property name="startLine">32</property>
  <property name="stepIndex">5</property>
</record>
<record>
  <date>2019-06-12T13:12:27</date>
  <millis>1560325347242</millis>
  <sequence>186</sequence>
  <level>PASSED</level>
  <class>com.kms.katalon.core.logging.XmlKeywordLogger</class>
  <method>logMessage</method>
  <thread>1</thread>
  <message>Text of object &amp;apos;Object Repository/Lemoney/Invoices/Receivables/tableHeaders_AmountDue&amp;apos; is: &amp;apos;Status&amp;apos;</message>
  <nestedLevel>1</nestedLevel>
</record>
<record>
  <date>2019-06-12T13:12:27</date>
  <millis>1560325347243</millis>
  <sequence>187</sequence>
  <level>END</level>
  <class>com.kms.katalon.core.logging.XmlKeywordLogger</class>
  <method>endKeyword</method>
  <thread>1</thread>
  <message>End action : getText(findTestObject(\&amp;quot;Object Repository/Lemoney/Invoices/Receivables/tableHeaders_AmountDue\&amp;quot;)).equalsIgnoreCase(\&amp;quot;Amount Due\&amp;quot;)</message>
  <nestedLevel>1</nestedLevel>
</record>
<record>
  <date>2019-06-12T13:12:27</date>
  <millis>1560325347243</millis>
  <sequence>188</sequence>
  <level>START</level>
  <class>com.kms.katalon.core.logging.XmlKeywordLogger</class>
  <method>startKeyword</method>
  <thread>1</thread>
  <message>Start action : listInvoiceDate = findWebElements(findTestObject(\&amp;quot;Object Repository/Lemoney/Invoices/Receivables/tableRows_InvoiceDate\&amp;quot;), 10)</message>
  <nestedLevel>1</nestedLevel>
  <property name="startLine">36</property>
  <property name="stepIndex">6</property>
</record>
<record>
  <date>2019-06-12T13:12:27</date>
  <millis>1560325347308</millis>
  <sequence>193</sequence>
  <level>END</level>
  <class>com.kms.katalon.core.logging.XmlKeywordLogger</class>
  <method>endKeyword</method>
  <thread>1</thread>
  <message>End action : listInvoiceDate = findWebElements(findTestObject(\&amp;quot;Object Repository/Lemoney/Invoices/Receivables/tableRows_InvoiceDate\&amp;quot;), 10)</message>
  <nestedLevel>1</nestedLevel>
</record>
<record>
  <date>2019-06-12T13:12:27</date>
  <millis>1560325347309</millis>
  <sequence>194</sequence>
  <level>START</level>
  <class>com.kms.katalon.core.logging.XmlKeywordLogger</class>
  <method>startKeyword</method>
  <thread>1</thread>
  <message>Start action : for ([i = 0, i &amp;lt; listInvoiceDate.size(), (i++)])</message>
  <nestedLevel>1</nestedLevel>
  <property name="startLine">38</property>
  <property name="stepIndex">7</property>
</record>
<record>
  <date>2019-06-12T13:12:27</date>
  <millis>1560325347313</millis>
  <sequence>195</sequence>
  <level>START</level>
  <class>com.kms.katalon.core.logging.XmlKeywordLogger</class>
  <method>startKeyword</method>
  <thread>1</thread>
  <message>Start action : println(get(i).getText())</message>
  <nestedLevel>2</nestedLevel>
  <property name="startLine">40</property>
  <property name="stepIndex">1</property>
</record>
<record>
  <date>2019-06-12T13:12:27</date>
  <millis>1560325347358</millis>
  <sequence>196</sequence>
  <level>END</level>
  <class>com.kms.katalon.core.logging.XmlKeywordLogger</class>
  <method>endKeyword</method>
  <thread>1</thread>
  <message>End action : println(get(i).getText())</message>
  <nestedLevel>2</nestedLevel>
</record>
<record>
  <date>2019-06-12T13:12:27</date>
  <millis>1560325347359</millis>
  <sequence>197</sequence>
  <level>START</level>
  <class>com.kms.katalon.core.logging.XmlKeywordLogger</class>
  <method>startKeyword</method>
  <thread>1</thread>
  <message>Start action : if (getText().equalsIgnoreCase(\&amp;quot; \&amp;quot;) || getText().equalsIgnoreCase(null))</message>
  <nestedLevel>2</nestedLevel>
  <property name="startLine">41</property>
  <property name="stepIndex">2</property>
</record>
<record>
  <date>2019-06-12T13:12:27</date>
  <millis>1560325347403</millis>
  <sequence>198</sequence>
  <level>END</level>
  <class>com.kms.katalon.core.logging.XmlKeywordLogger</class>
  <method>endKeyword</method>
  <thread>1</thread>
  <message>End action : if (getText().equalsIgnoreCase(\&amp;quot; \&amp;quot;) || getText().equalsIgnoreCase(null))</message>
  <nestedLevel>2</nestedLevel>
</record>
<record>
  <date>2019-06-12T13:12:27</date>
  <millis>1560325347403</millis>
  <sequence>199</sequence>
  <level>START</level>
  <class>com.kms.katalon.core.logging.XmlKeywordLogger</class>
  <method>startKeyword</method>
  <thread>1</thread>
  <message>Start action : println(get(i).getText())</message>
  <nestedLevel>2</nestedLevel>
  <property name="startLine">40</property>
  <property name="stepIndex">1</property>
</record>
<record>
  <date>2019-06-12T13:12:27</date>
  <millis>1560325347443</millis>
  <sequence>200</sequence>
  <level>END</level>
  <class>com.kms.katalon.core.logging.XmlKeywordLogger</class>
  <method>endKeyword</method>
  <thread>1</thread>
  <message>End action : println(get(i).getText())</message>
  <nestedLevel>2</nestedLevel>
</record>
<record>
  <date>2019-06-12T13:12:27</date>
  <millis>1560325347446</millis>
  <sequence>201</sequence>
  <level>START</level>
  <class>com.kms.katalon.core.logging.XmlKeywordLogger</class>
  <method>startKeyword</method>
  <thread>1</thread>
  <message>Start action : if (getText().equalsIgnoreCase(\&amp;quot; \&amp;quot;) || getText().equalsIgnoreCase(null))</message>
  <nestedLevel>2</nestedLevel>
  <property name="startLine">41</property>
  <property name="stepIndex">2</property>
</record>
<record>
  <date>2019-06-12T13:12:27</date>
  <millis>1560325347496</millis>
  <sequence>202</sequence>
  <level>END</level>
  <class>com.kms.katalon.core.logging.XmlKeywordLogger</class>
  <method>endKeyword</method>
  <thread>1</thread>
  <message>End action : if (getText().equalsIgnoreCase(\&amp;quot; \&amp;quot;) || getText().equalsIgnoreCase(null))</message>
  <nestedLevel>2</nestedLevel>
</record>
<record>
  <date>2019-06-12T13:12:27</date>
  <millis>1560325347514</millis>
  <sequence>203</sequence>
  <level>START</level>
  <class>com.kms.katalon.core.logging.XmlKeywordLogger</class>
  <method>startKeyword</method>
  <thread>1</thread>
  <message>Start action : println(get(i).getText())</message>
  <nestedLevel>2</nestedLevel>
  <property name="startLine">40</property>
  <property name="stepIndex">1</property>
</record>
<record>
  <date>2019-06-12T13:12:27</date>
  <millis>1560325347559</millis>
  <sequence>204</sequence>
  <level>END</level>
  <class>com.kms.katalon.core.logging.XmlKeywordLogger</class>
  <method>endKeyword</method>
  <thread>1</thread>
  <message>End action : println(get(i).getText())</message>
  <nestedLevel>2</nestedLevel>
</record>
<record>
  <date>2019-06-12T13:12:27</date>
  <millis>1560325347576</millis>
  <sequence>205</sequence>
  <level>START</level>
  <class>com.kms.katalon.core.logging.XmlKeywordLogger</class>
  <method>startKeyword</method>
  <thread>1</thread>
  <message>Start action : if (getText().equalsIgnoreCase(\&amp;quot; \&amp;quot;) || getText().equalsIgnoreCase(null))</message>
  <nestedLevel>2</nestedLevel>
  <property name="startLine">41</property>
  <property name="stepIndex">2</property>
</record>
<record>
  <date>2019-06-12T13:12:27</date>
  <millis>1560325347626</millis>
  <sequence>206</sequence>
  <level>END</level>
  <class>com.kms.katalon.core.logging.XmlKeywordLogger</class>
  <method>endKeyword</method>
  <thread>1</thread>
  <message>End action : if (getText().equalsIgnoreCase(\&amp;quot; \&amp;quot;) || getText().equalsIgnoreCase(null))</message>
  <nestedLevel>2</nestedLevel>
</record>
<record>
  <date>2019-06-12T13:12:27</date>
  <millis>1560325347626</millis>
  <sequence>207</sequence>
  <level>END</level>
  <class>com.kms.katalon.core.logging.XmlKeywordLogger</class>
  <method>endKeyword</method>
  <thread>1</thread>
  <message>End action : for ([i = 0, i &amp;lt; listInvoiceDate.size(), (i++)])</message>
  <nestedLevel>1</nestedLevel>
</record>
<record>
  <date>2019-06-12T13:12:27</date>
  <millis>1560325347627</millis>
  <sequence>208</sequence>
  <level>START</level>
  <class>com.kms.katalon.core.logging.XmlKeywordLogger</class>
  <method>startKeyword</method>
  <thread>1</thread>
  <message>Start action : listParticularsCompanyName = findWebElements(findTestObject(findTestObject(\&amp;quot;Object Repository/Lemoney/Invoices/Receivables/tableRows_ParticularsCompanyName\&amp;quot;)), 10)</message>
  <nestedLevel>1</nestedLevel>
  <property name="startLine">49</property>
  <property name="stepIndex">8</property>
</record>
<record>
  <date>2019-06-12T13:12:27</date>
  <millis>1560325347660</millis>
  <sequence>211</sequence>
  <logger>com.kms.katalon.core.logging.XmlKeywordLogger</logger>
  <level>ERROR</level>
  <class>com.kms.katalon.core.logging.XmlKeywordLogger</class>
  <method>logMessage</method>
  <thread>1</thread>
  <message>listParticularsCompanyName = findWebElements(findTestObject(findTestObject(\&amp;quot;Object Repository/Lemoney/Invoices/Receivables/tableRows_ParticularsCompanyName\&amp;quot;)), 10) FAILED.\nReason:\ngroovy.lang.MissingMethodException: No signature of method: static com.kms.katalon.core.testobject.ObjectRepository.findTestObject() is applicable for argument types: (com.kms.katalon.core.testobject.TestObject) values: [TestObject - &amp;apos;Object Repository/Lemoney/Invoices/Receivables/tableRows_ParticularsCompanyName&amp;apos;]\nPossible solutions: findTestObject(java.lang.String), findTestObject(java.lang.String, java.util.Map)\n\tat Receivables.run(Receivables:49)\n\tat com.kms.katalon.core.main.ScriptEngine.run(ScriptEngine.java:194)\n\tat com.kms.katalon.core.main.ScriptEngine.runScriptAsRawText(ScriptEngine.java:119)\n\tat com.kms.katalon.core.main.TestCaseExecutor.runScript(TestCaseExecutor.java:328)\n\tat com.kms.katalon.core.main.TestCaseExecutor.doExecute(TestCaseExecutor.java:319)\n\tat com.kms.katalon.core.main.TestCaseExecutor.processExecutionPhase(TestCaseExecutor.java:298)\n\tat com.kms.katalon.core.main.TestCaseExecutor.accessMainPhase(TestCaseExecutor.java:290)\n\tat com.kms.katalon.core.main.TestCaseExecutor.execute(TestCaseExecutor.java:224)\n\tat com.kms.katalon.core.main.TestSuiteExecutor.accessTestCaseMainPhase(TestSuiteExecutor.java:129)\n\tat com.kms.katalon.core.main.TestSuiteExecutor.accessTestSuiteMainPhase(TestSuiteExecutor.java:112)\n\tat com.kms.katalon.core.main.TestSuiteExecutor.execute(TestSuiteExecutor.java:81)\n\tat com.kms.katalon.core.main.TestCaseMain.startTestSuite(TestCaseMain.java:149)\n\tat com.kms.katalon.core.main.TestCaseMain$startTestSuite$0.call(Unknown Source)\n\tat TempTestSuite1560325333470.run(TempTestSuite1560325333470.groovy:36)\n</message>
  <exception>
    <message>groovy.lang.MissingMethodException: No signature of method: static com.kms.katalon.core.testobject.ObjectRepository.findTestObject() is applicable for argument types: (com.kms.katalon.core.testobject.TestObject) values: [TestObject - 'Object Repository/Lemoney/Invoices/Receivables/tableRows_ParticularsCompanyName']
Possible solutions: findTestObject(java.lang.String), findTestObject(java.lang.String, java.util.Map)</message>
    <frame>
      <class>Receivables</class>
      <method>run</method>
      <line>49</line>
    </frame>
    <frame>
      <class>com.kms.katalon.core.main.ScriptEngine</class>
      <method>run</method>
      <line>194</line>
    </frame>
    <frame>
      <class>com.kms.katalon.core.main.ScriptEngine</class>
      <method>runScriptAsRawText</method>
      <line>119</line>
    </frame>
    <frame>
      <class>com.kms.katalon.core.main.TestCaseExecutor</class>
      <method>runScript</method>
      <line>328</line>
    </frame>
    <frame>
      <class>com.kms.katalon.core.main.TestCaseExecutor</class>
      <method>doExecute</method>
      <line>319</line>
    </frame>
    <frame>
      <class>com.kms.katalon.core.main.TestCaseExecutor</class>
      <method>processExecutionPhase</method>
      <line>298</line>
    </frame>
    <frame>
      <class>com.kms.katalon.core.main.TestCaseExecutor</class>
      <method>accessMainPhase</method>
      <line>290</line>
    </frame>
    <frame>
      <class>com.kms.katalon.core.main.TestCaseExecutor</class>
      <method>execute</method>
      <line>224</line>
    </frame>
    <frame>
      <class>com.kms.katalon.core.main.TestSuiteExecutor</class>
      <method>accessTestCaseMainPhase</method>
      <line>129</line>
    </frame>
    <frame>
      <class>com.kms.katalon.core.main.TestSuiteExecutor</class>
      <method>accessTestSuiteMainPhase</method>
      <line>112</line>
    </frame>
    <frame>
      <class>com.kms.katalon.core.main.TestSuiteExecutor</class>
      <method>execute</method>
      <line>81</line>
    </frame>
    <frame>
      <class>com.kms.katalon.core.main.TestCaseMain</class>
      <method>startTestSuite</method>
      <line>149</line>
    </frame>
    <frame>
      <class>com.kms.katalon.core.main.TestCaseMain$startTestSuite$0</class>
      <method>call</method>
    </frame>
    <frame>
      <class>TempTestSuite1560325333470</class>
      <method>run</method>
      <line>36</line>
    </frame>
  </exception>
  <nestedLevel>0</nestedLevel>
</record>
<record>
  <date>2019-06-12T13:12:27</date>
  <millis>1560325347672</millis>
  <sequence>212</sequence>
  <level>END</level>
  <class>com.kms.katalon.core.logging.XmlKeywordLogger</class>
  <method>endKeyword</method>
  <thread>1</thread>
  <message>End action : listParticularsCompanyName = findWebElements(findTestObject(findTestObject(\&amp;quot;Object Repository/Lemoney/Invoices/Receivables/tableRows_ParticularsCompanyName\&amp;quot;)), 10)</message>
  <nestedLevel>1</nestedLevel>
</record>
<record>
  <date>2019-06-12T13:12:27</date>
  <millis>1560325347676</millis>
  <sequence>214</sequence>
  <logger>com.kms.katalon.core.logging.XmlKeywordLogger</logger>
  <level>ERROR</level>
  <class>com.kms.katalon.core.logging.XmlKeywordLogger</class>
  <method>logMessage</method>
  <thread>1</thread>
  <message>Test Cases/Lemoney/Invoices/Receivables FAILED.\nReason:\ngroovy.lang.MissingMethodException: No signature of method: static com.kms.katalon.core.testobject.ObjectRepository.findTestObject() is applicable for argument types: (com.kms.katalon.core.testobject.TestObject) values: [TestObject - &amp;apos;Object Repository/Lemoney/Invoices/Receivables/tableRows_ParticularsCompanyName&amp;apos;]\nPossible solutions: findTestObject(java.lang.String), findTestObject(java.lang.String, java.util.Map)\n\tat Receivables.run(Receivables:49)\n\tat com.kms.katalon.core.main.ScriptEngine.run(ScriptEngine.java:194)\n\tat com.kms.katalon.core.main.ScriptEngine.runScriptAsRawText(ScriptEngine.java:119)\n\tat com.kms.katalon.core.main.TestCaseExecutor.runScript(TestCaseExecutor.java:328)\n\tat com.kms.katalon.core.main.TestCaseExecutor.doExecute(TestCaseExecutor.java:319)\n\tat com.kms.katalon.core.main.TestCaseExecutor.processExecutionPhase(TestCaseExecutor.java:298)\n\tat com.kms.katalon.core.main.TestCaseExecutor.accessMainPhase(TestCaseExecutor.java:290)\n\tat com.kms.katalon.core.main.TestCaseExecutor.execute(TestCaseExecutor.java:224)\n\tat com.kms.katalon.core.main.TestSuiteExecutor.accessTestCaseMainPhase(TestSuiteExecutor.java:129)\n\tat com.kms.katalon.core.main.TestSuiteExecutor.accessTestSuiteMainPhase(TestSuiteExecutor.java:112)\n\tat com.kms.katalon.core.main.TestSuiteExecutor.execute(TestSuiteExecutor.java:81)\n\tat com.kms.katalon.core.main.TestCaseMain.startTestSuite(TestCaseMain.java:149)\n\tat com.kms.katalon.core.main.TestCaseMain$startTestSuite$0.call(Unknown Source)\n\tat TempTestSuite1560325333470.run(TempTestSuite1560325333470.groovy:36)\n</message>
  <exception>
    <message>groovy.lang.MissingMethodException: No signature of method: static com.kms.katalon.core.testobject.ObjectRepository.findTestObject() is applicable for argument types: (com.kms.katalon.core.testobject.TestObject) values: [TestObject - 'Object Repository/Lemoney/Invoices/Receivables/tableRows_ParticularsCompanyName']
Possible solutions: findTestObject(java.lang.String), findTestObject(java.lang.String, java.util.Map)</message>
    <frame>
      <class>Receivables</class>
      <method>run</method>
      <line>49</line>
    </frame>
    <frame>
      <class>com.kms.katalon.core.main.ScriptEngine</class>
      <method>run</method>
      <line>194</line>
    </frame>
    <frame>
      <class>com.kms.katalon.core.main.ScriptEngine</class>
      <method>runScriptAsRawText</method>
      <line>119</line>
    </frame>
    <frame>
      <class>com.kms.katalon.core.main.TestCaseExecutor</class>
      <method>runScript</method>
      <line>328</line>
    </frame>
    <frame>
      <class>com.kms.katalon.core.main.TestCaseExecutor</class>
      <method>doExecute</method>
      <line>319</line>
    </frame>
    <frame>
      <class>com.kms.katalon.core.main.TestCaseExecutor</class>
      <method>processExecutionPhase</method>
      <line>298</line>
    </frame>
    <frame>
      <class>com.kms.katalon.core.main.TestCaseExecutor</class>
      <method>accessMainPhase</method>
      <line>290</line>
    </frame>
    <frame>
      <class>com.kms.katalon.core.main.TestCaseExecutor</class>
      <method>execute</method>
      <line>224</line>
    </frame>
    <frame>
      <class>com.kms.katalon.core.main.TestSuiteExecutor</class>
      <method>accessTestCaseMainPhase</method>
      <line>129</line>
    </frame>
    <frame>
      <class>com.kms.katalon.core.main.TestSuiteExecutor</class>
      <method>accessTestSuiteMainPhase</method>
      <line>112</line>
    </frame>
    <frame>
      <class>com.kms.katalon.core.main.TestSuiteExecutor</class>
      <method>execute</method>
      <line>81</line>
    </frame>
    <frame>
      <class>com.kms.katalon.core.main.TestCaseMain</class>
      <method>startTestSuite</method>
      <line>149</line>
    </frame>
    <frame>
      <class>com.kms.katalon.core.main.TestCaseMain$startTestSuite$0</class>
      <method>call</method>
    </frame>
    <frame>
      <class>TempTestSuite1560325333470</class>
      <method>run</method>
      <line>36</line>
    </frame>
  </exception>
  <nestedLevel>0</nestedLevel>
</record>
<record>
  <date>2019-06-12T13:12:27</date>
  <millis>1560325347693</millis>
  <sequence>215</sequence>
  <level>START</level>
  <class>com.kms.katalon.core.logging.XmlKeywordLogger</class>
  <method>startKeyword</method>
  <thread>1</thread>
  <message>Start listener action : sampleAfterTestCase</message>
  <nestedLevel>1</nestedLevel>
</record>
<record>
  <date>2019-06-12T13:12:27</date>
  <millis>1560325347694</millis>
  <sequence>217</sequence>
  <level>START</level>
  <class>com.kms.katalon.core.logging.XmlKeywordLogger</class>
  <method>startKeyword</method>
  <thread>1</thread>
  <message>Start action : println(testCaseContext.getTestCaseId())</message>
  <nestedLevel>1</nestedLevel>
  <property name="startLine">43</property>
  <property name="stepIndex">1</property>
</record>
<record>
  <date>2019-06-12T13:12:27</date>
  <millis>1560325347694</millis>
  <sequence>218</sequence>
  <level>END</level>
  <class>com.kms.katalon.core.logging.XmlKeywordLogger</class>
  <method>endKeyword</method>
  <thread>1</thread>
  <message>End action : println(testCaseContext.getTestCaseId())</message>
  <nestedLevel>1</nestedLevel>
</record>
<record>
  <date>2019-06-12T13:12:27</date>
  <millis>1560325347695</millis>
  <sequence>219</sequence>
  <level>START</level>
  <class>com.kms.katalon.core.logging.XmlKeywordLogger</class>
  <method>startKeyword</method>
  <thread>1</thread>
  <message>Start action : println(testCaseContext.getTestCaseStatus())</message>
  <nestedLevel>1</nestedLevel>
  <property name="startLine">44</property>
  <property name="stepIndex">2</property>
</record>
<record>
  <date>2019-06-12T13:12:27</date>
  <millis>1560325347695</millis>
  <sequence>221</sequence>
  <level>END</level>
  <class>com.kms.katalon.core.logging.XmlKeywordLogger</class>
  <method>endKeyword</method>
  <thread>1</thread>
  <message>End action : println(testCaseContext.getTestCaseStatus())</message>
  <nestedLevel>1</nestedLevel>
</record>
<record>
  <date>2019-06-12T13:12:27</date>
  <millis>1560325347696</millis>
  <sequence>222</sequence>
  <level>END</level>
  <class>com.kms.katalon.core.logging.XmlKeywordLogger</class>
  <method>endKeyword</method>
  <thread>1</thread>
  <message>End listener action : sampleAfterTestCase</message>
  <nestedLevel>1</nestedLevel>
</record>
<record>
  <date>2019-06-12T13:12:27</date>
  <millis>1560325347696</millis>
  <sequence>223</sequence>
  <level>END</level>
  <class>com.kms.katalon.core.logging.XmlKeywordLogger</class>
  <method>endTest</method>
  <thread>1</thread>
  <message>End Test Case : Test Cases/Lemoney/Invoices/Receivables</message>
  <nestedLevel>0</nestedLevel>
</record>
<record>
  <date>2019-06-12T13:12:27</date>
  <millis>1560325347702</millis>
  <sequence>224</sequence>
  <level>START</level>
  <class>com.kms.katalon.core.logging.XmlKeywordLogger</class>
  <method>startTest</method>
  <thread>1</thread>
  <message>Start Test Case : Test Cases/Lemoney/Setup and TearDown/TearDown</message>
  <nestedLevel>1</nestedLevel>
  <property name="name">Test Cases/Lemoney/Setup and TearDown/TearDown</property>
  <property name="description"></property>
  <property name="id">Test Cases/Lemoney/Setup and TearDown/TearDown</property>
  <property name="source">\\Users\\nivedita\\git\\KatalonFirstUIProject\\Test Cases\\Lemoney\\Setup and TearDown\\TearDown.tc</property>
  <property name="isOptional">false</property>
</record>
<record>
  <date>2019-06-12T13:12:27</date>
  <millis>1560325347713</millis>
  <sequence>226</sequence>
  <level>START</level>
  <class>com.kms.katalon.core.logging.XmlKeywordLogger</class>
  <method>startKeyword</method>
  <thread>1</thread>
  <message>Start listener action : sampleBeforeTestCase</message>
  <nestedLevel>1</nestedLevel>
</record>
<record>
  <date>2019-06-12T13:12:27</date>
  <millis>1560325347714</millis>
  <sequence>228</sequence>
  <level>START</level>
  <class>com.kms.katalon.core.logging.XmlKeywordLogger</class>
  <method>startKeyword</method>
  <thread>1</thread>
  <message>Start action : println(testCaseContext.getTestCaseId())</message>
  <nestedLevel>1</nestedLevel>
  <property name="startLine">32</property>
  <property name="stepIndex">1</property>
</record>
<record>
  <date>2019-06-12T13:12:27</date>
  <millis>1560325347715</millis>
  <sequence>229</sequence>
  <level>END</level>
  <class>com.kms.katalon.core.logging.XmlKeywordLogger</class>
  <method>endKeyword</method>
  <thread>1</thread>
  <message>End action : println(testCaseContext.getTestCaseId())</message>
  <nestedLevel>1</nestedLevel>
</record>
<record>
  <date>2019-06-12T13:12:27</date>
  <millis>1560325347715</millis>
  <sequence>230</sequence>
  <level>START</level>
  <class>com.kms.katalon.core.logging.XmlKeywordLogger</class>
  <method>startKeyword</method>
  <thread>1</thread>
  <message>Start action : println(testCaseContext.getTestCaseVariables())</message>
  <nestedLevel>1</nestedLevel>
  <property name="startLine">33</property>
  <property name="stepIndex">2</property>
</record>
<record>
  <date>2019-06-12T13:12:27</date>
  <millis>1560325347716</millis>
  <sequence>231</sequence>
  <level>END</level>
  <class>com.kms.katalon.core.logging.XmlKeywordLogger</class>
  <method>endKeyword</method>
  <thread>1</thread>
  <message>End action : println(testCaseContext.getTestCaseVariables())</message>
  <nestedLevel>1</nestedLevel>
</record>
<record>
  <date>2019-06-12T13:12:27</date>
  <millis>1560325347716</millis>
  <sequence>232</sequence>
  <level>START</level>
  <class>com.kms.katalon.core.logging.XmlKeywordLogger</class>
  <method>startKeyword</method>
  <thread>1</thread>
  <message>Start action : println(\&amp;quot; This is before test\&amp;quot;)</message>
  <nestedLevel>1</nestedLevel>
  <property name="startLine">34</property>
  <property name="stepIndex">3</property>
</record>
<record>
  <date>2019-06-12T13:12:27</date>
  <millis>1560325347718</millis>
  <sequence>234</sequence>
  <level>END</level>
  <class>com.kms.katalon.core.logging.XmlKeywordLogger</class>
  <method>endKeyword</method>
  <thread>1</thread>
  <message>End action : println(\&amp;quot; This is before test\&amp;quot;)</message>
  <nestedLevel>1</nestedLevel>
</record>
<record>
  <date>2019-06-12T13:12:27</date>
  <millis>1560325347718</millis>
  <sequence>235</sequence>
  <level>END</level>
  <class>com.kms.katalon.core.logging.XmlKeywordLogger</class>
  <method>endKeyword</method>
  <thread>1</thread>
  <message>End listener action : sampleBeforeTestCase</message>
  <nestedLevel>1</nestedLevel>
</record>
<record>
  <date>2019-06-12T13:12:27</date>
  <millis>1560325347943</millis>
  <sequence>236</sequence>
  <level>START</level>
  <class>com.kms.katalon.core.logging.XmlKeywordLogger</class>
  <method>startKeyword</method>
  <thread>1</thread>
  <message>Start action : mouseOver(findTestObject(\&amp;quot;Lemoney/Setup/Logout/img_profileImage\&amp;quot;))</message>
  <nestedLevel>1</nestedLevel>
  <property name="startLine">18</property>
  <property name="stepIndex">1</property>
</record>
<record>
  <date>2019-06-12T13:12:28</date>
  <millis>1560325348035</millis>
  <sequence>243</sequence>
  <level>PASSED</level>
  <class>com.kms.katalon.core.logging.XmlKeywordLogger</class>
  <method>logMessage</method>
  <thread>1</thread>
  <message>Object: &amp;apos;Object Repository/Lemoney/Setup/Logout/img_profileImage&amp;apos; is hovered</message>
  <nestedLevel>1</nestedLevel>
</record>
<record>
  <date>2019-06-12T13:12:28</date>
  <millis>1560325348035</millis>
  <sequence>244</sequence>
  <level>END</level>
  <class>com.kms.katalon.core.logging.XmlKeywordLogger</class>
  <method>endKeyword</method>
  <thread>1</thread>
  <message>End action : mouseOver(findTestObject(\&amp;quot;Lemoney/Setup/Logout/img_profileImage\&amp;quot;))</message>
  <nestedLevel>1</nestedLevel>
</record>
<record>
  <date>2019-06-12T13:12:28</date>
  <millis>1560325348036</millis>
  <sequence>245</sequence>
  <level>START</level>
  <class>com.kms.katalon.core.logging.XmlKeywordLogger</class>
  <method>startKeyword</method>
  <thread>1</thread>
  <message>Start action : click(findTestObject(\&amp;quot;Lemoney/Setup/Logout/Logout\&amp;quot;))</message>
  <nestedLevel>1</nestedLevel>
  <property name="startLine">20</property>
  <property name="stepIndex">2</property>
</record>
<record>
  <date>2019-06-12T13:12:28</date>
  <millis>1560325348686</millis>
  <sequence>252</sequence>
  <level>PASSED</level>
  <class>com.kms.katalon.core.logging.XmlKeywordLogger</class>
  <method>logMessage</method>
  <thread>1</thread>
  <message>Object: &amp;apos;Object Repository/Lemoney/Setup/Logout/Logout&amp;apos; is clicked on</message>
  <nestedLevel>1</nestedLevel>
</record>
<record>
  <date>2019-06-12T13:12:28</date>
  <millis>1560325348687</millis>
  <sequence>253</sequence>
  <level>END</level>
  <class>com.kms.katalon.core.logging.XmlKeywordLogger</class>
  <method>endKeyword</method>
  <thread>1</thread>
  <message>End action : click(findTestObject(\&amp;quot;Lemoney/Setup/Logout/Logout\&amp;quot;))</message>
  <nestedLevel>1</nestedLevel>
</record>
<record>
  <date>2019-06-12T13:12:28</date>
  <millis>1560325348687</millis>
  <sequence>254</sequence>
  <level>START</level>
  <class>com.kms.katalon.core.logging.XmlKeywordLogger</class>
  <method>startKeyword</method>
  <thread>1</thread>
  <message>Start action : closeBrowser()</message>
  <nestedLevel>1</nestedLevel>
  <property name="startLine">22</property>
  <property name="stepIndex">3</property>
</record>
<record>
  <date>2019-06-12T13:12:28</date>
  <millis>1560325348853</millis>
  <sequence>256</sequence>
  <level>PASSED</level>
  <class>com.kms.katalon.core.logging.XmlKeywordLogger</class>
  <method>logMessage</method>
  <thread>1</thread>
  <message>Browser is closed</message>
  <nestedLevel>1</nestedLevel>
</record>
<record>
  <date>2019-06-12T13:12:28</date>
  <millis>1560325348853</millis>
  <sequence>257</sequence>
  <level>END</level>
  <class>com.kms.katalon.core.logging.XmlKeywordLogger</class>
  <method>endKeyword</method>
  <thread>1</thread>
  <message>End action : closeBrowser()</message>
  <nestedLevel>1</nestedLevel>
</record>
<record>
  <date>2019-06-12T13:12:28</date>
  <millis>1560325348854</millis>
  <sequence>259</sequence>
  <level>START</level>
  <class>com.kms.katalon.core.logging.XmlKeywordLogger</class>
  <method>startKeyword</method>
  <thread>1</thread>
  <message>Start tear down : tearDown</message>
  <nestedLevel>1</nestedLevel>
  <property name="stepIndex">1</property>
  <property name="isIgnoredIfFailed">true</property>
</record>
<record>
  <date>2019-06-12T13:12:28</date>
  <millis>1560325348855</millis>
  <sequence>260</sequence>
  <level>PASSED</level>
  <class>com.kms.katalon.core.logging.XmlKeywordLogger</class>
  <method>logMessage</method>
  <thread>1</thread>
  <message>Method &amp;apos;tearDown&amp;apos; complete successfully</message>
  <nestedLevel>1</nestedLevel>
</record>
<record>
  <date>2019-06-12T13:12:28</date>
  <millis>1560325348855</millis>
  <sequence>261</sequence>
  <level>END</level>
  <class>com.kms.katalon.core.logging.XmlKeywordLogger</class>
  <method>endKeyword</method>
  <thread>1</thread>
  <message>End tear down : tearDown</message>
  <nestedLevel>1</nestedLevel>
</record>
<record>
  <date>2019-06-12T13:12:28</date>
  <millis>1560325348856</millis>
  <sequence>262</sequence>
  <level>PASSED</level>
  <class>com.kms.katalon.core.logging.XmlKeywordLogger</class>
  <method>logMessage</method>
  <thread>1</thread>
  <message>Test Cases/Lemoney/Setup and TearDown/TearDown</message>
  <nestedLevel>1</nestedLevel>
</record>
<record>
  <date>2019-06-12T13:12:28</date>
  <millis>1560325348856</millis>
  <sequence>263</sequence>
  <level>START</level>
  <class>com.kms.katalon.core.logging.XmlKeywordLogger</class>
  <method>startKeyword</method>
  <thread>1</thread>
  <message>Start listener action : sampleAfterTestCase</message>
  <nestedLevel>1</nestedLevel>
</record>
<record>
  <date>2019-06-12T13:12:28</date>
  <millis>1560325348856</millis>
  <sequence>265</sequence>
  <level>START</level>
  <class>com.kms.katalon.core.logging.XmlKeywordLogger</class>
  <method>startKeyword</method>
  <thread>1</thread>
  <message>Start action : println(testCaseContext.getTestCaseId())</message>
  <nestedLevel>1</nestedLevel>
  <property name="startLine">43</property>
  <property name="stepIndex">1</property>
</record>
<record>
  <date>2019-06-12T13:12:28</date>
  <millis>1560325348858</millis>
  <sequence>266</sequence>
  <level>END</level>
  <class>com.kms.katalon.core.logging.XmlKeywordLogger</class>
  <method>endKeyword</method>
  <thread>1</thread>
  <message>End action : println(testCaseContext.getTestCaseId())</message>
  <nestedLevel>1</nestedLevel>
</record>
<record>
  <date>2019-06-12T13:12:28</date>
  <millis>1560325348859</millis>
  <sequence>267</sequence>
  <level>START</level>
  <class>com.kms.katalon.core.logging.XmlKeywordLogger</class>
  <method>startKeyword</method>
  <thread>1</thread>
  <message>Start action : println(testCaseContext.getTestCaseStatus())</message>
  <nestedLevel>1</nestedLevel>
  <property name="startLine">44</property>
  <property name="stepIndex">2</property>
</record>
<record>
  <date>2019-06-12T13:12:28</date>
  <millis>1560325348859</millis>
  <sequence>269</sequence>
  <level>END</level>
  <class>com.kms.katalon.core.logging.XmlKeywordLogger</class>
  <method>endKeyword</method>
  <thread>1</thread>
  <message>End action : println(testCaseContext.getTestCaseStatus())</message>
  <nestedLevel>1</nestedLevel>
</record>
<record>
  <date>2019-06-12T13:12:28</date>
  <millis>1560325348860</millis>
  <sequence>270</sequence>
  <level>END</level>
  <class>com.kms.katalon.core.logging.XmlKeywordLogger</class>
  <method>endKeyword</method>
  <thread>1</thread>
  <message>End listener action : sampleAfterTestCase</message>
  <nestedLevel>1</nestedLevel>
</record>
<record>
  <date>2019-06-12T13:12:28</date>
  <millis>1560325348861</millis>
  <sequence>271</sequence>
  <level>END</level>
  <class>com.kms.katalon.core.logging.XmlKeywordLogger</class>
  <method>endTest</method>
  <thread>1</thread>
  <message>End Test Case : Test Cases/Lemoney/Setup and TearDown/TearDown</message>
  <nestedLevel>0</nestedLevel>
</record>
<record>
  <date>2019-06-12T13:12:28</date>
  <millis>1560325348861</millis>
  <sequence>272</sequence>
  <level>START</level>
  <class>com.kms.katalon.core.logging.XmlKeywordLogger</class>
  <method>startKeyword</method>
  <thread>1</thread>
  <message>Start listener action : sampleAfterTestSuite</message>
  <nestedLevel>0</nestedLevel>
</record>
<record>
  <date>2019-06-12T13:12:28</date>
  <millis>1560325348862</millis>
  <sequence>274</sequence>
  <level>START</level>
  <class>com.kms.katalon.core.logging.XmlKeywordLogger</class>
  <method>startKeyword</method>
  <thread>1</thread>
  <message>Start action : println(testSuiteContext.getTestSuiteId())</message>
  <nestedLevel>1</nestedLevel>
  <property name="startLine">62</property>
  <property name="stepIndex">1</property>
</record>
<record>
  <date>2019-06-12T13:12:28</date>
  <millis>1560325348863</millis>
  <sequence>276</sequence>
  <level>END</level>
  <class>com.kms.katalon.core.logging.XmlKeywordLogger</class>
  <method>endKeyword</method>
  <thread>1</thread>
  <message>End action : println(testSuiteContext.getTestSuiteId())</message>
  <nestedLevel>1</nestedLevel>
</record>
<record>
  <date>2019-06-12T13:12:28</date>
  <millis>1560325348863</millis>
  <sequence>277</sequence>
  <level>END</level>
  <class>com.kms.katalon.core.logging.XmlKeywordLogger</class>
  <method>endKeyword</method>
  <thread>1</thread>
  <message>End listener action : sampleAfterTestSuite</message>
  <nestedLevel>0</nestedLevel>
</record>
<record>
  <date>2019-06-12T13:12:28</date>
  <millis>1560325348901</millis>
  <sequence>278</sequence>
  <level>END</level>
  <class>com.kms.katalon.core.logging.XmlKeywordLogger</class>
  <method>endSuite</method>
  <thread>1</thread>
  <message>End Test Suite : Test Suites/Lemoney/Invoices</message>
  <nestedLevel>0</nestedLevel>
</record>
</log>
